<?xml version="1.0" encoding="UTF-8"?>
<!-- Generated by org.testng.reporters.JUnitReportReporter -->
<testsuite hostname="DESKTOP-KRO9T2E" failures="0" tests="1" name="Log4J.LoginTestMethod" time="9.299" errors="0" timestamp="2021-12-30T15:32:29 IST" skipped="0">
  <testcase classname="Log4J.LoginTestMethod" name="login" time="9.299"/>
  <system-out/>
</testsuite> <!-- Log4J.LoginTestMethod -->
